<?xml version="1.0" encoding="UTF-8"?>
<!-- Generated by org.testng.reporters.JUnitReportReporter -->
<testsuite hostname="mahen-PC" name="com.parameterizedmvntng.ParameterizedMaven" tests="1" failures="0" timestamp="28 Jun 2017 16:38:38 GMT" time="12.412" errors="0">
  <testcase name="demoAuto" time="12.412" classname="com.parameterizedmvntng.ParameterizedMaven"/>
</testsuite> <!-- com.parameterizedmvntng.ParameterizedMaven -->
